# JRE version: Java(TM) SE Runtime Environment (8.0_102-b14) (build 1.8.0_102-b14)
# Java VM: Java HotSpot(TM) 64-Bit Server VM (25.102-b14 mixed mode windows-amd64 compressed oops)
Heap:
 PSYoungGen      total 325632K, used 103374K [0x00000000d6e00000, 0x00000000ec480000, 0x0000000100000000)
  eden space 311808K, 28% used [0x00000000d6e00000,0x00000000dc58ee68,0x00000000e9e80000)
  from space 13824K, 99% used [0x00000000eb700000,0x00000000ec464d20,0x00000000ec480000)
  to   space 18432K, 0% used [0x00000000ea080000,0x00000000ea080000,0x00000000eb280000)
 ParOldGen       total 78848K, used 27792K [0x0000000084a00000, 0x0000000089700000, 0x00000000d6e00000)
  object space 78848K, 35% used [0x0000000084a00000,0x0000000086524348,0x0000000089700000)
 Metaspace       used 47645K, capacity 49654K, committed 49920K, reserved 1091584K
  class space    used 6460K, capacity 6822K, committed 6912K, reserved 1048576K
GC Heap History (10 events):
Event: 8.508 GC heap before
{Heap before GC invocations=10 (full 1):
 PSYoungGen      total 171520K, used 171513K [0x00000000d6e00000, 0x00000000e4a00000, 0x0000000100000000)
  eden space 161280K, 100% used [0x00000000d6e00000,0x00000000e0b80000,0x00000000e0b80000)
  from space 10240K, 99% used [0x00000000e1880000,0x00000000e227e5b8,0x00000000e2280000)
  to   space 13312K, 0% used [0x00000000e0b80000,0x00000000e0b80000,0x00000000e1880000)
 ParOldGen       total 52736K, used 11670K [0x0000000084a00000, 0x0000000087d80000, 0x00000000d6e00000)
  object space 52736K, 22% used [0x0000000084a00000,0x0000000085565b90,0x0000000087d80000)
 Metaspace       used 33390K, capacity 34912K, committed 35072K, reserved 1079296K
  class space    used 4518K, capacity 4832K, committed 4864K, reserved 1048576K
Event: 8.530 GC heap after
Heap after GC invocations=10 (full 1):
 PSYoungGen      total 174592K, used 13289K [0x00000000d6e00000, 0x00000000e6500000, 0x0000000100000000)
  eden space 161280K, 0% used [0x00000000d6e00000,0x00000000d6e00000,0x00000000e0b80000)
  from space 13312K, 99% used [0x00000000e0b80000,0x00000000e187a460,0x00000000e1880000)
  to   space 15872K, 0% used [0x00000000e5580000,0x00000000e5580000,0x00000000e6500000)
 ParOldGen       total 52736K, used 14175K [0x0000000084a00000, 0x0000000087d80000, 0x00000000d6e00000)
  object space 52736K, 26% used [0x0000000084a00000,0x00000000857d7e80,0x0000000087d80000)
 Metaspace       used 33390K, capacity 34912K, committed 35072K, reserved 1079296K
  class space    used 4518K, capacity 4832K, committed 4864K, reserved 1048576K
}
Event: 8.593 GC heap before
{Heap before GC invocations=11 (full 1):
 PSYoungGen      total 174592K, used 25199K [0x00000000d6e00000, 0x00000000e6500000, 0x0000000100000000)
  eden space 161280K, 7% used [0x00000000d6e00000,0x00000000d79a1a70,0x00000000e0b80000)
  from space 13312K, 99% used [0x00000000e0b80000,0x00000000e187a460,0x00000000e1880000)
  to   space 15872K, 0% used [0x00000000e5580000,0x00000000e5580000,0x00000000e6500000)
 ParOldGen       total 52736K, used 14175K [0x0000000084a00000, 0x0000000087d80000, 0x00000000d6e00000)
  object space 52736K, 26% used [0x0000000084a00000,0x00000000857d7e80,0x0000000087d80000)
 Metaspace       used 33703K, capacity 35338K, committed 35456K, reserved 1079296K
  class space    used 4573K, capacity 4887K, committed 4992K, reserved 1048576K
Event: 8.610 GC heap after
Heap after GC invocations=11 (full 1):
 PSYoungGen      total 237056K, used 5472K [0x00000000d6e00000, 0x00000000e7b80000, 0x0000000100000000)
  eden space 221184K, 0% used [0x00000000d6e00000,0x00000000d6e00000,0x00000000e4600000)
  from space 15872K, 34% used [0x00000000e5580000,0x00000000e5ad8000,0x00000000e6500000)
  to   space 15872K, 0% used [0x00000000e4600000,0x00000000e4600000,0x00000000e5580000)
 ParOldGen       total 52736K, used 21360K [0x0000000084a00000, 0x0000000087d80000, 0x00000000d6e00000)
  object space 52736K, 40% used [0x0000000084a00000,0x0000000085edc3a0,0x0000000087d80000)
 Metaspace       used 33703K, capacity 35338K, committed 35456K, reserved 1079296K
  class space    used 4573K, capacity 4887K, committed 4992K, reserved 1048576K
}
Event: 8.610 GC heap before
{Heap before GC invocations=12 (full 2):
 PSYoungGen      total 237056K, used 5472K [0x00000000d6e00000, 0x00000000e7b80000, 0x0000000100000000)
  eden space 221184K, 0% used [0x00000000d6e00000,0x00000000d6e00000,0x00000000e4600000)
  from space 15872K, 34% used [0x00000000e5580000,0x00000000e5ad8000,0x00000000e6500000)
  to   space 15872K, 0% used [0x00000000e4600000,0x00000000e4600000,0x00000000e5580000)
 ParOldGen       total 52736K, used 21360K [0x0000000084a00000, 0x0000000087d80000, 0x00000000d6e00000)
  object space 52736K, 40% used [0x0000000084a00000,0x0000000085edc3a0,0x0000000087d80000)
 Metaspace       used 33703K, capacity 35338K, committed 35456K, reserved 1079296K
  class space    used 4573K, capacity 4887K, committed 4992K, reserved 1048576K
Event: 8.725 GC heap after
Heap after GC invocations=12 (full 2):
 PSYoungGen      total 237056K, used 0K [0x00000000d6e00000, 0x00000000e7b80000, 0x0000000100000000)
  eden space 221184K, 0% used [0x00000000d6e00000,0x00000000d6e00000,0x00000000e4600000)
  from space 15872K, 0% used [0x00000000e5580000,0x00000000e5580000,0x00000000e6500000)
  to   space 15872K, 0% used [0x00000000e4600000,0x00000000e4600000,0x00000000e5580000)
 ParOldGen       total 78848K, used 20736K [0x0000000084a00000, 0x0000000089700000, 0x00000000d6e00000)
  object space 78848K, 26% used [0x0000000084a00000,0x0000000085e40310,0x0000000089700000)
 Metaspace       used 33703K, capacity 35338K, committed 35456K, reserved 1079296K
  class space    used 4573K, capacity 4887K, committed 4992K, reserved 1048576K
}
Event: 11.770 GC heap before
{Heap before GC invocations=13 (full 2):
 PSYoungGen      total 237056K, used 221184K [0x00000000d6e00000, 0x00000000e7b80000, 0x0000000100000000)
  eden space 221184K, 100% used [0x00000000d6e00000,0x00000000e4600000,0x00000000e4600000)
  from space 15872K, 0% used [0x00000000e5580000,0x00000000e5580000,0x00000000e6500000)
  to   space 15872K, 0% used [0x00000000e4600000,0x00000000e4600000,0x00000000e5580000)
 ParOldGen       total 78848K, used 20736K [0x0000000084a00000, 0x0000000089700000, 0x00000000d6e00000)
  object space 78848K, 26% used [0x0000000084a00000,0x0000000085e40310,0x0000000089700000)
 Metaspace       used 41834K, capacity 43670K, committed 43904K, reserved 1087488K
  class space    used 5656K, capacity 5994K, committed 6016K, reserved 1048576K
Event: 11.791 GC heap after
Heap after GC invocations=13 (full 2):
 PSYoungGen      total 237056K, used 13921K [0x00000000d6e00000, 0x00000000ec800000, 0x0000000100000000)
  eden space 221184K, 0% used [0x00000000d6e00000,0x00000000d6e00000,0x00000000e4600000)
  from space 15872K, 87% used [0x00000000e4600000,0x00000000e5398668,0x00000000e5580000)
  to   space 17408K, 0% used [0x00000000eb700000,0x00000000eb700000,0x00000000ec800000)
 ParOldGen       total 78848K, used 20744K [0x0000000084a00000, 0x0000000089700000, 0x00000000d6e00000)
  object space 78848K, 26% used [0x0000000084a00000,0x0000000085e42310,0x0000000089700000)
 Metaspace       used 41834K, capacity 43670K, committed 43904K, reserved 1087488K
  class space    used 5656K, capacity 5994K, committed 6016K, reserved 1048576K
}
Event: 21.659 GC heap before
{Heap before GC invocations=14 (full 2):
 PSYoungGen      total 237056K, used 235105K [0x00000000d6e00000, 0x00000000ec800000, 0x0000000100000000)
  eden space 221184K, 100% used [0x00000000d6e00000,0x00000000e4600000,0x00000000e4600000)
  from space 15872K, 87% used [0x00000000e4600000,0x00000000e5398668,0x00000000e5580000)
  to   space 17408K, 0% used [0x00000000eb700000,0x00000000eb700000,0x00000000ec800000)
 ParOldGen       total 78848K, used 20744K [0x0000000084a00000, 0x0000000089700000, 0x00000000d6e00000)
  object space 78848K, 26% used [0x0000000084a00000,0x0000000085e42310,0x0000000089700000)
 Metaspace       used 47642K, capacity 49648K, committed 49920K, reserved 1091584K
  class space    used 6459K, capacity 6821K, committed 6912K, reserved 1048576K
Event: 21.685 GC heap after
Heap after GC invocations=14 (full 2):
 PSYoungGen      total 325632K, used 13715K [0x00000000d6e00000, 0x00000000ec480000, 0x0000000100000000)
  eden space 311808K, 0% used [0x00000000d6e00000,0x00000000d6e00000,0x00000000e9e80000)
  from space 13824K, 99% used [0x00000000eb700000,0x00000000ec464d20,0x00000000ec480000)
  to   space 18432K, 0% used [0x00000000ea080000,0x00000000ea080000,0x00000000eb280000)
 ParOldGen       total 78848K, used 27792K [0x0000000084a00000, 0x0000000089700000, 0x00000000d6e00000)
  object space 78848K, 35% used [0x0000000084a00000,0x0000000086524348,0x0000000089700000)
 Metaspace       used 47642K, capacity 49648K, committed 49920K, reserved 1091584K
  class space    used 6459K, capacity 6821K, committed 6912K, reserved 1048576K
}

