# JRE version: Java(TM) SE Runtime Environment (8.0_102-b14) (build 1.8.0_102-b14)
# Java VM: Java HotSpot(TM) 64-Bit Server VM (25.102-b14 mixed mode windows-amd64 compressed oops)
Heap:
 PSYoungGen      total 114176K, used 41968K [0x00000000d6e00000, 0x00000000dea80000, 0x0000000100000000)
  eden space 101888K, 33% used [0x00000000d6e00000,0x00000000d8fb8dd8,0x00000000dd180000)
  from space 12288K, 60% used [0x00000000dde80000,0x00000000de5c32e8,0x00000000dea80000)
  to   space 12800K, 0% used [0x00000000dd180000,0x00000000dd180000,0x00000000dde00000)
 ParOldGen       total 84992K, used 35798K [0x0000000084a00000, 0x0000000089d00000, 0x00000000d6e00000)
  object space 84992K, 42% used [0x0000000084a00000,0x0000000086cf5b98,0x0000000089d00000)
 Metaspace       used 16670K, capacity 17260K, committed 17536K, reserved 1064960K
  class space    used 1901K, capacity 2054K, committed 2176K, reserved 1048576K
GC Heap History (10 events):
Event: 6.731 GC heap before
{Heap before GC invocations=6 (full 0):
 PSYoungGen      total 68608K, used 68584K [0x00000000d6e00000, 0x00000000db600000, 0x0000000100000000)
  eden space 63488K, 100% used [0x00000000d6e00000,0x00000000dac00000,0x00000000dac00000)
  from space 5120K, 99% used [0x00000000dac00000,0x00000000db0fa020,0x00000000db100000)
  to   space 5120K, 0% used [0x00000000db100000,0x00000000db100000,0x00000000db600000)
 ParOldGen       total 84992K, used 16036K [0x0000000084a00000, 0x0000000089d00000, 0x00000000d6e00000)
  object space 84992K, 18% used [0x0000000084a00000,0x00000000859a91f0,0x0000000089d00000)
 Metaspace       used 13226K, capacity 13490K, committed 13696K, reserved 1060864K
  class space    used 1554K, capacity 1650K, committed 1664K, reserved 1048576K
Event: 6.756 GC heap after
Heap after GC invocations=6 (full 0):
 PSYoungGen      total 68608K, used 5096K [0x00000000d6e00000, 0x00000000db600000, 0x0000000100000000)
  eden space 63488K, 0% used [0x00000000d6e00000,0x00000000d6e00000,0x00000000dac00000)
  from space 5120K, 99% used [0x00000000db100000,0x00000000db5fa020,0x00000000db600000)
  to   space 5120K, 0% used [0x00000000dac00000,0x00000000dac00000,0x00000000db100000)
 ParOldGen       total 84992K, used 19661K [0x0000000084a00000, 0x0000000089d00000, 0x00000000d6e00000)
  object space 84992K, 23% used [0x0000000084a00000,0x0000000085d33558,0x0000000089d00000)
 Metaspace       used 13226K, capacity 13490K, committed 13696K, reserved 1060864K
  class space    used 1554K, capacity 1650K, committed 1664K, reserved 1048576K
}
Event: 7.533 GC heap before
{Heap before GC invocations=7 (full 0):
 PSYoungGen      total 68608K, used 68584K [0x00000000d6e00000, 0x00000000db600000, 0x0000000100000000)
  eden space 63488K, 100% used [0x00000000d6e00000,0x00000000dac00000,0x00000000dac00000)
  from space 5120K, 99% used [0x00000000db100000,0x00000000db5fa020,0x00000000db600000)
  to   space 5120K, 0% used [0x00000000dac00000,0x00000000dac00000,0x00000000db100000)
 ParOldGen       total 84992K, used 19661K [0x0000000084a00000, 0x0000000089d00000, 0x00000000d6e00000)
  object space 84992K, 23% used [0x0000000084a00000,0x0000000085d33558,0x0000000089d00000)
 Metaspace       used 13426K, capacity 13682K, committed 13696K, reserved 1060864K
  class space    used 1554K, capacity 1650K, committed 1664K, reserved 1048576K
Event: 7.559 GC heap after
Heap after GC invocations=7 (full 0):
 PSYoungGen      total 68608K, used 5120K [0x00000000d6e00000, 0x00000000db600000, 0x0000000100000000)
  eden space 63488K, 0% used [0x00000000d6e00000,0x00000000d6e00000,0x00000000dac00000)
  from space 5120K, 100% used [0x00000000dac00000,0x00000000db100000,0x00000000db100000)
  to   space 5120K, 0% used [0x00000000db100000,0x00000000db100000,0x00000000db600000)
 ParOldGen       total 84992K, used 22653K [0x0000000084a00000, 0x0000000089d00000, 0x00000000d6e00000)
  object space 84992K, 26% used [0x0000000084a00000,0x000000008601f5b8,0x0000000089d00000)
 Metaspace       used 13426K, capacity 13682K, committed 13696K, reserved 1060864K
  class space    used 1554K, capacity 1650K, committed 1664K, reserved 1048576K
}
Event: 8.710 GC heap before
{Heap before GC invocations=8 (full 0):
 PSYoungGen      total 68608K, used 68608K [0x00000000d6e00000, 0x00000000db600000, 0x0000000100000000)
  eden space 63488K, 100% used [0x00000000d6e00000,0x00000000dac00000,0x00000000dac00000)
  from space 5120K, 100% used [0x00000000dac00000,0x00000000db100000,0x00000000db100000)
  to   space 5120K, 0% used [0x00000000db100000,0x00000000db100000,0x00000000db600000)
 ParOldGen       total 84992K, used 22653K [0x0000000084a00000, 0x0000000089d00000, 0x00000000d6e00000)
  object space 84992K, 26% used [0x0000000084a00000,0x000000008601f5b8,0x0000000089d00000)
 Metaspace       used 14204K, capacity 14550K, committed 14848K, reserved 1062912K
  class space    used 1636K, capacity 1730K, committed 1792K, reserved 1048576K
Event: 8.724 GC heap after
Heap after GC invocations=8 (full 0):
 PSYoungGen      total 68608K, used 5120K [0x00000000d6e00000, 0x00000000db600000, 0x0000000100000000)
  eden space 63488K, 0% used [0x00000000d6e00000,0x00000000d6e00000,0x00000000dac00000)
  from space 5120K, 100% used [0x00000000db100000,0x00000000db600000,0x00000000db600000)
  to   space 5120K, 0% used [0x00000000dac00000,0x00000000dac00000,0x00000000db100000)
 ParOldGen       total 84992K, used 26361K [0x0000000084a00000, 0x0000000089d00000, 0x00000000d6e00000)
  object space 84992K, 31% used [0x0000000084a00000,0x00000000863be4c8,0x0000000089d00000)
 Metaspace       used 14204K, capacity 14550K, committed 14848K, reserved 1062912K
  class space    used 1636K, capacity 1730K, committed 1792K, reserved 1048576K
}
Event: 10.523 GC heap before
{Heap before GC invocations=9 (full 0):
 PSYoungGen      total 68608K, used 68608K [0x00000000d6e00000, 0x00000000db600000, 0x0000000100000000)
  eden space 63488K, 100% used [0x00000000d6e00000,0x00000000dac00000,0x00000000dac00000)
  from space 5120K, 100% used [0x00000000db100000,0x00000000db600000,0x00000000db600000)
  to   space 5120K, 0% used [0x00000000dac00000,0x00000000dac00000,0x00000000db100000)
 ParOldGen       total 84992K, used 26361K [0x0000000084a00000, 0x0000000089d00000, 0x00000000d6e00000)
  object space 84992K, 31% used [0x0000000084a00000,0x00000000863be4c8,0x0000000089d00000)
 Metaspace       used 15965K, capacity 16482K, committed 16640K, reserved 1064960K
  class space    used 1829K, capacity 1945K, committed 2048K, reserved 1048576K
Event: 10.542 GC heap after
Heap after GC invocations=9 (full 0):
 PSYoungGen      total 68608K, used 5104K [0x00000000d6e00000, 0x00000000deb80000, 0x0000000100000000)
  eden space 63488K, 0% used [0x00000000d6e00000,0x00000000d6e00000,0x00000000dac00000)
  from space 5120K, 99% used [0x00000000dac00000,0x00000000db0fc3b0,0x00000000db100000)
  to   space 13312K, 0% used [0x00000000dde80000,0x00000000dde80000,0x00000000deb80000)
 ParOldGen       total 84992K, used 33816K [0x0000000084a00000, 0x0000000089d00000, 0x00000000d6e00000)
  object space 84992K, 39% used [0x0000000084a00000,0x0000000086b06190,0x0000000089d00000)
 Metaspace       used 15965K, capacity 16482K, committed 16640K, reserved 1064960K
  class space    used 1829K, capacity 1945K, committed 2048K, reserved 1048576K
}
Event: 10.994 GC heap before
{Heap before GC invocations=10 (full 0):
 PSYoungGen      total 68608K, used 68592K [0x00000000d6e00000, 0x00000000deb80000, 0x0000000100000000)
  eden space 63488K, 100% used [0x00000000d6e00000,0x00000000dac00000,0x00000000dac00000)
  from space 5120K, 99% used [0x00000000dac00000,0x00000000db0fc3b0,0x00000000db100000)
  to   space 13312K, 0% used [0x00000000dde80000,0x00000000dde80000,0x00000000deb80000)
 ParOldGen       total 84992K, used 33816K [0x0000000084a00000, 0x0000000089d00000, 0x00000000d6e00000)
  object space 84992K, 39% used [0x0000000084a00000,0x0000000086b06190,0x0000000089d00000)
 Metaspace       used 16338K, capacity 16866K, committed 17152K, reserved 1064960K
  class space    used 1866K, capacity 2009K, committed 2048K, reserved 1048576K
Event: 11.011 GC heap after
Heap after GC invocations=10 (full 0):
 PSYoungGen      total 114176K, used 7436K [0x00000000d6e00000, 0x00000000dea80000, 0x0000000100000000)
  eden space 101888K, 0% used [0x00000000d6e00000,0x00000000d6e00000,0x00000000dd180000)
  from space 12288K, 60% used [0x00000000dde80000,0x00000000de5c32e8,0x00000000dea80000)
  to   space 12800K, 0% used [0x00000000dd180000,0x00000000dd180000,0x00000000dde00000)
 ParOldGen       total 84992K, used 35798K [0x0000000084a00000, 0x0000000089d00000, 0x00000000d6e00000)
  object space 84992K, 42% used [0x0000000084a00000,0x0000000086cf5b98,0x0000000089d00000)
 Metaspace       used 16338K, capacity 16866K, committed 17152K, reserved 1064960K
  class space    used 1866K, capacity 2009K, committed 2048K, reserved 1048576K
}

