# JRE version: Java(TM) SE Runtime Environment (8.0_102-b14) (build 1.8.0_102-b14)
# Java VM: Java HotSpot(TM) 64-Bit Server VM (25.102-b14 mixed mode windows-amd64 compressed oops)
Heap:
 PSYoungGen      total 267264K, used 81173K [0x00000000d6e00000, 0x00000000f2780000, 0x0000000100000000)
  eden space 249856K, 32% used [0x00000000d6e00000,0x00000000dbd45520,0x00000000e6200000)
  from space 17408K, 0% used [0x00000000e6200000,0x00000000e6200000,0x00000000e7300000)
  to   space 26112K, 0% used [0x00000000f0e00000,0x00000000f0e00000,0x00000000f2780000)
 ParOldGen       total 84992K, used 42484K [0x0000000084a00000, 0x0000000089d00000, 0x00000000d6e00000)
  object space 84992K, 49% used [0x0000000084a00000,0x000000008737d2f0,0x0000000089d00000)
 Metaspace       used 24008K, capacity 24810K, committed 25136K, reserved 1071104K
  class space    used 2781K, capacity 3012K, committed 3120K, reserved 1048576K
GC Heap History (10 events):
Event: 3.423 GC heap before
{Heap before GC invocations=6 (full 0):
 PSYoungGen      total 68608K, used 68584K [0x00000000d6e00000, 0x00000000dfe00000, 0x0000000100000000)
  eden space 63488K, 100% used [0x00000000d6e00000,0x00000000dac00000,0x00000000dac00000)
  from space 5120K, 99% used [0x00000000dac00000,0x00000000db0fa020,0x00000000db100000)
  to   space 10240K, 0% used [0x00000000df400000,0x00000000df400000,0x00000000dfe00000)
 ParOldGen       total 84992K, used 10596K [0x0000000084a00000, 0x0000000089d00000, 0x00000000d6e00000)
  object space 84992K, 12% used [0x0000000084a00000,0x00000000854591a0,0x0000000089d00000)
 Metaspace       used 12972K, capacity 13224K, committed 13440K, reserved 1060864K
  class space    used 1548K, capacity 1611K, committed 1664K, reserved 1048576K
Event: 3.441 GC heap after
Heap after GC invocations=6 (full 0):
 PSYoungGen      total 136704K, used 8616K [0x00000000d6e00000, 0x00000000dff00000, 0x0000000100000000)
  eden space 126464K, 0% used [0x00000000d6e00000,0x00000000d6e00000,0x00000000de980000)
  from space 10240K, 84% used [0x00000000df400000,0x00000000dfc6a020,0x00000000dfe00000)
  to   space 10752K, 0% used [0x00000000de980000,0x00000000de980000,0x00000000df400000)
 ParOldGen       total 84992K, used 10604K [0x0000000084a00000, 0x0000000089d00000, 0x00000000d6e00000)
  object space 84992K, 12% used [0x0000000084a00000,0x000000008545b1a0,0x0000000089d00000)
 Metaspace       used 12972K, capacity 13224K, committed 13440K, reserved 1060864K
  class space    used 1548K, capacity 1611K, committed 1664K, reserved 1048576K
}
Event: 4.757 GC heap before
{Heap before GC invocations=7 (full 0):
 PSYoungGen      total 136704K, used 135080K [0x00000000d6e00000, 0x00000000dff00000, 0x0000000100000000)
  eden space 126464K, 100% used [0x00000000d6e00000,0x00000000de980000,0x00000000de980000)
  from space 10240K, 84% used [0x00000000df400000,0x00000000dfc6a020,0x00000000dfe00000)
  to   space 10752K, 0% used [0x00000000de980000,0x00000000de980000,0x00000000df400000)
 ParOldGen       total 84992K, used 10604K [0x0000000084a00000, 0x0000000089d00000, 0x00000000d6e00000)
  object space 84992K, 12% used [0x0000000084a00000,0x000000008545b1a0,0x0000000089d00000)
 Metaspace       used 14005K, capacity 14410K, committed 14592K, reserved 1062912K
  class space    used 1634K, capacity 1728K, committed 1792K, reserved 1048576K
Event: 4.797 GC heap after
Heap after GC invocations=7 (full 0):
 PSYoungGen      total 137216K, used 10752K [0x00000000d6e00000, 0x00000000e8100000, 0x0000000100000000)
  eden space 126464K, 0% used [0x00000000d6e00000,0x00000000d6e00000,0x00000000de980000)
  from space 10752K, 100% used [0x00000000de980000,0x00000000df400000,0x00000000df400000)
  to   space 14336K, 0% used [0x00000000e7300000,0x00000000e7300000,0x00000000e8100000)
 ParOldGen       total 84992K, used 15088K [0x0000000084a00000, 0x0000000089d00000, 0x00000000d6e00000)
  object space 84992K, 17% used [0x0000000084a00000,0x00000000858bc1f0,0x0000000089d00000)
 Metaspace       used 14005K, capacity 14410K, committed 14592K, reserved 1062912K
  class space    used 1634K, capacity 1728K, committed 1792K, reserved 1048576K
}
Event: 5.915 GC heap before
{Heap before GC invocations=8 (full 0):
 PSYoungGen      total 137216K, used 137216K [0x00000000d6e00000, 0x00000000e8100000, 0x0000000100000000)
  eden space 126464K, 100% used [0x00000000d6e00000,0x00000000de980000,0x00000000de980000)
  from space 10752K, 100% used [0x00000000de980000,0x00000000df400000,0x00000000df400000)
  to   space 14336K, 0% used [0x00000000e7300000,0x00000000e7300000,0x00000000e8100000)
 ParOldGen       total 84992K, used 15088K [0x0000000084a00000, 0x0000000089d00000, 0x00000000d6e00000)
  object space 84992K, 17% used [0x0000000084a00000,0x00000000858bc1f0,0x0000000089d00000)
 Metaspace       used 14780K, capacity 15300K, committed 15488K, reserved 1062912K
  class space    used 1693K, capacity 1808K, committed 1920K, reserved 1048576K
Event: 5.950 GC heap after
Heap after GC invocations=8 (full 0):
 PSYoungGen      total 264192K, used 14336K [0x00000000d6e00000, 0x00000000e8700000, 0x0000000100000000)
  eden space 249856K, 0% used [0x00000000d6e00000,0x00000000d6e00000,0x00000000e6200000)
  from space 14336K, 100% used [0x00000000e7300000,0x00000000e8100000,0x00000000e8100000)
  to   space 17408K, 0% used [0x00000000e6200000,0x00000000e6200000,0x00000000e7300000)
 ParOldGen       total 84992K, used 18296K [0x0000000084a00000, 0x0000000089d00000, 0x00000000d6e00000)
  object space 84992K, 21% used [0x0000000084a00000,0x0000000085bde3f8,0x0000000089d00000)
 Metaspace       used 14780K, capacity 15300K, committed 15488K, reserved 1062912K
  class space    used 1693K, capacity 1808K, committed 1920K, reserved 1048576K
}
Event: 7.623 GC heap before
{Heap before GC invocations=9 (full 0):
 PSYoungGen      total 264192K, used 143567K [0x00000000d6e00000, 0x00000000e8700000, 0x0000000100000000)
  eden space 249856K, 51% used [0x00000000d6e00000,0x00000000dec33f28,0x00000000e6200000)
  from space 14336K, 100% used [0x00000000e7300000,0x00000000e8100000,0x00000000e8100000)
  to   space 17408K, 0% used [0x00000000e6200000,0x00000000e6200000,0x00000000e7300000)
 ParOldGen       total 84992K, used 18296K [0x0000000084a00000, 0x0000000089d00000, 0x00000000d6e00000)
  object space 84992K, 21% used [0x0000000084a00000,0x0000000085bde3f8,0x0000000089d00000)
 Metaspace       used 20688K, capacity 21236K, committed 21296K, reserved 1069056K
  class space    used 2420K, capacity 2570K, committed 2608K, reserved 1048576K
Event: 7.708 GC heap after
Heap after GC invocations=9 (full 0):
 PSYoungGen      total 267264K, used 17376K [0x00000000d6e00000, 0x00000000f2780000, 0x0000000100000000)
  eden space 249856K, 0% used [0x00000000d6e00000,0x00000000d6e00000,0x00000000e6200000)
  from space 17408K, 99% used [0x00000000e6200000,0x00000000e72f83f8,0x00000000e7300000)
  to   space 26112K, 0% used [0x00000000f0e00000,0x00000000f0e00000,0x00000000f2780000)
 ParOldGen       total 84992K, used 33838K [0x0000000084a00000, 0x0000000089d00000, 0x00000000d6e00000)
  object space 84992K, 39% used [0x0000000084a00000,0x0000000086b0b800,0x0000000089d00000)
 Metaspace       used 20688K, capacity 21236K, committed 21296K, reserved 1069056K
  class space    used 2420K, capacity 2570K, committed 2608K, reserved 1048576K
}
Event: 7.708 GC heap before
{Heap before GC invocations=10 (full 1):
 PSYoungGen      total 267264K, used 17376K [0x00000000d6e00000, 0x00000000f2780000, 0x0000000100000000)
  eden space 249856K, 0% used [0x00000000d6e00000,0x00000000d6e00000,0x00000000e6200000)
  from space 17408K, 99% used [0x00000000e6200000,0x00000000e72f83f8,0x00000000e7300000)
  to   space 26112K, 0% used [0x00000000f0e00000,0x00000000f0e00000,0x00000000f2780000)
 ParOldGen       total 84992K, used 33838K [0x0000000084a00000, 0x0000000089d00000, 0x00000000d6e00000)
  object space 84992K, 39% used [0x0000000084a00000,0x0000000086b0b800,0x0000000089d00000)
 Metaspace       used 20688K, capacity 21236K, committed 21296K, reserved 1069056K
  class space    used 2420K, capacity 2570K, committed 2608K, reserved 1048576K
Event: 8.017 GC heap after
Heap after GC invocations=10 (full 1):
 PSYoungGen      total 267264K, used 0K [0x00000000d6e00000, 0x00000000f2780000, 0x0000000100000000)
  eden space 249856K, 0% used [0x00000000d6e00000,0x00000000d6e00000,0x00000000e6200000)
  from space 17408K, 0% used [0x00000000e6200000,0x00000000e6200000,0x00000000e7300000)
  to   space 26112K, 0% used [0x00000000f0e00000,0x00000000f0e00000,0x00000000f2780000)
 ParOldGen       total 84992K, used 42484K [0x0000000084a00000, 0x0000000089d00000, 0x00000000d6e00000)
  object space 84992K, 49% used [0x0000000084a00000,0x000000008737d2f0,0x0000000089d00000)
 Metaspace       used 20688K, capacity 21236K, committed 21296K, reserved 1069056K
  class space    used 2420K, capacity 2570K, committed 2608K, reserved 1048576K
}

