# JRE version: Java(TM) SE Runtime Environment (8.0_102-b14) (build 1.8.0_102-b14)
# Java VM: Java HotSpot(TM) 64-Bit Server VM (25.102-b14 mixed mode windows-amd64 compressed oops)
Heap:
 PSYoungGen      total 344064K, used 21296K [0x00000000d6e00000, 0x00000000f3700000, 0x0000000100000000)
  eden space 316416K, 6% used [0x00000000d6e00000,0x00000000d82cc050,0x00000000ea300000)
  from space 27648K, 0% used [0x00000000ea300000,0x00000000ea300000,0x00000000ebe00000)
  to   space 27648K, 0% used [0x00000000f1c00000,0x00000000f1c00000,0x00000000f3700000)
 ParOldGen       total 132608K, used 66832K [0x0000000084a00000, 0x000000008cb80000, 0x00000000d6e00000)
  object space 132608K, 50% used [0x0000000084a00000,0x0000000088b440b8,0x000000008cb80000)
 Metaspace       used 57587K, capacity 59752K, committed 60056K, reserved 1101824K
  class space    used 7387K, capacity 7841K, committed 7848K, reserved 1048576K
GC Heap History (10 events):
Event: 16.498 GC heap before
{Heap before GC invocations=14 (full 2):
 PSYoungGen      total 282112K, used 5813K [0x00000000d6e00000, 0x00000000e9780000, 0x0000000100000000)
  eden space 262656K, 0% used [0x00000000d6e00000,0x00000000d6e00000,0x00000000e6e80000)
  from space 19456K, 29% used [0x00000000e8480000,0x00000000e8a2d650,0x00000000e9780000)
  to   space 20992K, 0% used [0x00000000e6e80000,0x00000000e6e80000,0x00000000e8300000)
 ParOldGen       total 81920K, used 57586K [0x0000000084a00000, 0x0000000089a00000, 0x00000000d6e00000)
  object space 81920K, 70% used [0x0000000084a00000,0x000000008823c840,0x0000000089a00000)
 Metaspace       used 34386K, capacity 35336K, committed 35496K, reserved 1081344K
  class space    used 4226K, capacity 4487K, committed 4520K, reserved 1048576K
Event: 16.691 GC heap after
Heap after GC invocations=14 (full 2):
 PSYoungGen      total 282112K, used 0K [0x00000000d6e00000, 0x00000000e9780000, 0x0000000100000000)
  eden space 262656K, 0% used [0x00000000d6e00000,0x00000000d6e00000,0x00000000e6e80000)
  from space 19456K, 0% used [0x00000000e8480000,0x00000000e8480000,0x00000000e9780000)
  to   space 20992K, 0% used [0x00000000e6e80000,0x00000000e6e80000,0x00000000e8300000)
 ParOldGen       total 132608K, used 49750K [0x0000000084a00000, 0x000000008cb80000, 0x00000000d6e00000)
  object space 132608K, 37% used [0x0000000084a00000,0x0000000087a95938,0x000000008cb80000)
 Metaspace       used 34386K, capacity 35336K, committed 35496K, reserved 1081344K
  class space    used 4226K, capacity 4487K, committed 4520K, reserved 1048576K
}
Event: 20.703 GC heap before
{Heap before GC invocations=15 (full 2):
 PSYoungGen      total 282112K, used 262656K [0x00000000d6e00000, 0x00000000e9780000, 0x0000000100000000)
  eden space 262656K, 100% used [0x00000000d6e00000,0x00000000e6e80000,0x00000000e6e80000)
  from space 19456K, 0% used [0x00000000e8480000,0x00000000e8480000,0x00000000e9780000)
  to   space 20992K, 0% used [0x00000000e6e80000,0x00000000e6e80000,0x00000000e8300000)
 ParOldGen       total 132608K, used 49750K [0x0000000084a00000, 0x000000008cb80000, 0x00000000d6e00000)
  object space 132608K, 37% used [0x0000000084a00000,0x0000000087a95938,0x000000008cb80000)
 Metaspace       used 47330K, capacity 48808K, committed 49192K, reserved 1091584K
  class space    used 5953K, capacity 6319K, committed 6440K, reserved 1048576K
Event: 20.744 GC heap after
Heap after GC invocations=15 (full 2):
 PSYoungGen      total 283648K, used 18562K [0x00000000d6e00000, 0x00000000ed700000, 0x0000000100000000)
  eden space 262656K, 0% used [0x00000000d6e00000,0x00000000d6e00000,0x00000000e6e80000)
  from space 20992K, 88% used [0x00000000e6e80000,0x00000000e80a0b08,0x00000000e8300000)
  to   space 23040K, 0% used [0x00000000ec080000,0x00000000ec080000,0x00000000ed700000)
 ParOldGen       total 132608K, used 49822K [0x0000000084a00000, 0x000000008cb80000, 0x00000000d6e00000)
  object space 132608K, 37% used [0x0000000084a00000,0x0000000087aa7948,0x000000008cb80000)
 Metaspace       used 47330K, capacity 48808K, committed 49192K, reserved 1091584K
  class space    used 5953K, capacity 6319K, committed 6440K, reserved 1048576K
}
Event: 25.588 GC heap before
{Heap before GC invocations=16 (full 2):
 PSYoungGen      total 283648K, used 281218K [0x00000000d6e00000, 0x00000000ed700000, 0x0000000100000000)
  eden space 262656K, 100% used [0x00000000d6e00000,0x00000000e6e80000,0x00000000e6e80000)
  from space 20992K, 88% used [0x00000000e6e80000,0x00000000e80a0b08,0x00000000e8300000)
  to   space 23040K, 0% used [0x00000000ec080000,0x00000000ec080000,0x00000000ed700000)
 ParOldGen       total 132608K, used 49822K [0x0000000084a00000, 0x000000008cb80000, 0x00000000d6e00000)
  object space 132608K, 37% used [0x0000000084a00000,0x0000000087aa7948,0x000000008cb80000)
 Metaspace       used 54646K, capacity 56734K, committed 56872K, reserved 1099776K
  class space    used 6955K, capacity 7402K, committed 7464K, reserved 1048576K
Event: 25.616 GC heap after
Heap after GC invocations=16 (full 2):
 PSYoungGen      total 339456K, used 23021K [0x00000000d6e00000, 0x00000000ed900000, 0x0000000100000000)
  eden space 316416K, 0% used [0x00000000d6e00000,0x00000000d6e00000,0x00000000ea300000)
  from space 23040K, 99% used [0x00000000ec080000,0x00000000ed6fb438,0x00000000ed700000)
  to   space 27648K, 0% used [0x00000000ea300000,0x00000000ea300000,0x00000000ebe00000)
 ParOldGen       total 132608K, used 53146K [0x0000000084a00000, 0x000000008cb80000, 0x00000000d6e00000)
  object space 132608K, 40% used [0x0000000084a00000,0x0000000087de6b50,0x000000008cb80000)
 Metaspace       used 54646K, capacity 56734K, committed 56872K, reserved 1099776K
  class space    used 6955K, capacity 7402K, committed 7464K, reserved 1048576K
}
Event: 26.244 GC heap before
{Heap before GC invocations=17 (full 2):
 PSYoungGen      total 339456K, used 74959K [0x00000000d6e00000, 0x00000000ed900000, 0x0000000100000000)
  eden space 316416K, 16% used [0x00000000d6e00000,0x00000000da0b8ae8,0x00000000ea300000)
  from space 23040K, 99% used [0x00000000ec080000,0x00000000ed6fb438,0x00000000ed700000)
  to   space 27648K, 0% used [0x00000000ea300000,0x00000000ea300000,0x00000000ebe00000)
 ParOldGen       total 132608K, used 53146K [0x0000000084a00000, 0x000000008cb80000, 0x00000000d6e00000)
  object space 132608K, 40% used [0x0000000084a00000,0x0000000087de6b50,0x000000008cb80000)
 Metaspace       used 56703K, capacity 58914K, committed 59160K, reserved 1101824K
  class space    used 7263K, capacity 7712K, committed 7720K, reserved 1048576K
Event: 26.308 GC heap after
Heap after GC invocations=17 (full 2):
 PSYoungGen      total 344064K, used 2717K [0x00000000d6e00000, 0x00000000f3700000, 0x0000000100000000)
  eden space 316416K, 0% used [0x00000000d6e00000,0x00000000d6e00000,0x00000000ea300000)
  from space 27648K, 9% used [0x00000000ea300000,0x00000000ea5a7600,0x00000000ebe00000)
  to   space 27648K, 0% used [0x00000000f1c00000,0x00000000f1c00000,0x00000000f3700000)
 ParOldGen       total 132608K, used 73031K [0x0000000084a00000, 0x000000008cb80000, 0x00000000d6e00000)
  object space 132608K, 55% used [0x0000000084a00000,0x0000000089151fe8,0x000000008cb80000)
 Metaspace       used 56703K, capacity 58914K, committed 59160K, reserved 1101824K
  class space    used 7263K, capacity 7712K, committed 7720K, reserved 1048576K
}
Event: 26.308 GC heap before
{Heap before GC invocations=18 (full 3):
 PSYoungGen      total 344064K, used 2717K [0x00000000d6e00000, 0x00000000f3700000, 0x0000000100000000)
  eden space 316416K, 0% used [0x00000000d6e00000,0x00000000d6e00000,0x00000000ea300000)
  from space 27648K, 9% used [0x00000000ea300000,0x00000000ea5a7600,0x00000000ebe00000)
  to   space 27648K, 0% used [0x00000000f1c00000,0x00000000f1c00000,0x00000000f3700000)
 ParOldGen       total 132608K, used 73031K [0x0000000084a00000, 0x000000008cb80000, 0x00000000d6e00000)
  object space 132608K, 55% used [0x0000000084a00000,0x0000000089151fe8,0x000000008cb80000)
 Metaspace       used 56703K, capacity 58914K, committed 59160K, reserved 1101824K
  class space    used 7263K, capacity 7712K, committed 7720K, reserved 1048576K
Event: 26.819 GC heap after
Heap after GC invocations=18 (full 3):
 PSYoungGen      total 344064K, used 0K [0x00000000d6e00000, 0x00000000f3700000, 0x0000000100000000)
  eden space 316416K, 0% used [0x00000000d6e00000,0x00000000d6e00000,0x00000000ea300000)
  from space 27648K, 0% used [0x00000000ea300000,0x00000000ea300000,0x00000000ebe00000)
  to   space 27648K, 0% used [0x00000000f1c00000,0x00000000f1c00000,0x00000000f3700000)
 ParOldGen       total 132608K, used 66832K [0x0000000084a00000, 0x000000008cb80000, 0x00000000d6e00000)
  object space 132608K, 50% used [0x0000000084a00000,0x0000000088b440b8,0x000000008cb80000)
 Metaspace       used 56703K, capacity 58914K, committed 59160K, reserved 1101824K
  class space    used 7263K, capacity 7712K, committed 7720K, reserved 1048576K
}

