# JRE version: Java(TM) SE Runtime Environment (8.0_102-b14) (build 1.8.0_102-b14)
# Java VM: Java HotSpot(TM) 64-Bit Server VM (25.102-b14 mixed mode windows-amd64 compressed oops)
Heap:
 PSYoungGen      total 235520K, used 179902K [0x00000000d6e00000, 0x00000000ec880000, 0x0000000100000000)
  eden space 224768K, 80% used [0x00000000d6e00000,0x00000000e1dafbe8,0x00000000e4980000)
  from space 10752K, 0% used [0x00000000e4980000,0x00000000e4980000,0x00000000e5400000)
  to   space 12288K, 0% used [0x00000000ebc80000,0x00000000ebc80000,0x00000000ec880000)
 ParOldGen       total 45568K, used 15010K [0x0000000084a00000, 0x0000000087680000, 0x00000000d6e00000)
  object space 45568K, 32% used [0x0000000084a00000,0x00000000858a8908,0x0000000087680000)
 Metaspace       used 38032K, capacity 39428K, committed 39592K, reserved 1083392K
  class space    used 4895K, capacity 5192K, committed 5288K, reserved 1048576K
GC Heap History (10 events):
Event: 7.712 GC heap before
{Heap before GC invocations=7 (full 1):
 PSYoungGen      total 133632K, used 7422K [0x00000000d6e00000, 0x00000000dfb00000, 0x0000000100000000)
  eden space 125952K, 0% used [0x00000000d6e00000,0x00000000d6e00000,0x00000000de900000)
  from space 7680K, 96% used [0x00000000df180000,0x00000000df8bf978,0x00000000df900000)
  to   space 8704K, 0% used [0x00000000de900000,0x00000000de900000,0x00000000df180000)
 ParOldGen       total 84992K, used 2426K [0x0000000084a00000, 0x0000000089d00000, 0x00000000d6e00000)
  object space 84992K, 2% used [0x0000000084a00000,0x0000000084c5ea88,0x0000000089d00000)
 Metaspace       used 20653K, capacity 21264K, committed 21296K, reserved 1067008K
  class space    used 2663K, capacity 2834K, committed 2864K, reserved 1048576K
Event: 7.754 GC heap after
Heap after GC invocations=7 (full 1):
 PSYoungGen      total 133632K, used 0K [0x00000000d6e00000, 0x00000000dfb00000, 0x0000000100000000)
  eden space 125952K, 0% used [0x00000000d6e00000,0x00000000d6e00000,0x00000000de900000)
  from space 7680K, 0% used [0x00000000df180000,0x00000000df180000,0x00000000df900000)
  to   space 8704K, 0% used [0x00000000de900000,0x00000000de900000,0x00000000df180000)
 ParOldGen       total 45568K, used 7096K [0x0000000084a00000, 0x0000000087680000, 0x00000000d6e00000)
  object space 45568K, 15% used [0x0000000084a00000,0x00000000850ee230,0x0000000087680000)
 Metaspace       used 20653K, capacity 21264K, committed 21296K, reserved 1067008K
  class space    used 2663K, capacity 2834K, committed 2864K, reserved 1048576K
}
Event: 9.935 GC heap before
{Heap before GC invocations=8 (full 1):
 PSYoungGen      total 133632K, used 125952K [0x00000000d6e00000, 0x00000000dfb00000, 0x0000000100000000)
  eden space 125952K, 100% used [0x00000000d6e00000,0x00000000de900000,0x00000000de900000)
  from space 7680K, 0% used [0x00000000df180000,0x00000000df180000,0x00000000df900000)
  to   space 8704K, 0% used [0x00000000de900000,0x00000000de900000,0x00000000df180000)
 ParOldGen       total 45568K, used 7096K [0x0000000084a00000, 0x0000000087680000, 0x00000000d6e00000)
  object space 45568K, 15% used [0x0000000084a00000,0x00000000850ee230,0x0000000087680000)
 Metaspace       used 27369K, capacity 28368K, committed 28720K, reserved 1075200K
  class space    used 3559K, capacity 3784K, committed 3888K, reserved 1048576K
Event: 9.944 GC heap after
Heap after GC invocations=8 (full 1):
 PSYoungGen      total 134656K, used 7463K [0x00000000d6e00000, 0x00000000e5e80000, 0x0000000100000000)
  eden space 125952K, 0% used [0x00000000d6e00000,0x00000000d6e00000,0x00000000de900000)
  from space 8704K, 85% used [0x00000000de900000,0x00000000df049ce0,0x00000000df180000)
  to   space 9216K, 0% used [0x00000000e5580000,0x00000000e5580000,0x00000000e5e80000)
 ParOldGen       total 45568K, used 7168K [0x0000000084a00000, 0x0000000087680000, 0x00000000d6e00000)
  object space 45568K, 15% used [0x0000000084a00000,0x0000000085100240,0x0000000087680000)
 Metaspace       used 27369K, capacity 28368K, committed 28720K, reserved 1075200K
  class space    used 3559K, capacity 3784K, committed 3888K, reserved 1048576K
}
Event: 11.355 GC heap before
{Heap before GC invocations=9 (full 1):
 PSYoungGen      total 134656K, used 133415K [0x00000000d6e00000, 0x00000000e5e80000, 0x0000000100000000)
  eden space 125952K, 100% used [0x00000000d6e00000,0x00000000de900000,0x00000000de900000)
  from space 8704K, 85% used [0x00000000de900000,0x00000000df049ce0,0x00000000df180000)
  to   space 9216K, 0% used [0x00000000e5580000,0x00000000e5580000,0x00000000e5e80000)
 ParOldGen       total 45568K, used 7168K [0x0000000084a00000, 0x0000000087680000, 0x00000000d6e00000)
  object space 45568K, 15% used [0x0000000084a00000,0x0000000085100240,0x0000000087680000)
 Metaspace       used 31253K, capacity 32356K, committed 32560K, reserved 1077248K
  class space    used 4068K, capacity 4290K, committed 4400K, reserved 1048576K
Event: 11.369 GC heap after
Heap after GC invocations=9 (full 1):
 PSYoungGen      total 233984K, used 9193K [0x00000000d6e00000, 0x00000000e5e80000, 0x0000000100000000)
  eden space 224768K, 0% used [0x00000000d6e00000,0x00000000d6e00000,0x00000000e4980000)
  from space 9216K, 99% used [0x00000000e5580000,0x00000000e5e7a648,0x00000000e5e80000)
  to   space 10752K, 0% used [0x00000000e4980000,0x00000000e4980000,0x00000000e5400000)
 ParOldGen       total 45568K, used 8383K [0x0000000084a00000, 0x0000000087680000, 0x00000000d6e00000)
  object space 45568K, 18% used [0x0000000084a00000,0x000000008522fd98,0x0000000087680000)
 Metaspace       used 31253K, capacity 32356K, committed 32560K, reserved 1077248K
  class space    used 4068K, capacity 4290K, committed 4400K, reserved 1048576K
}
Event: 12.208 GC heap before
{Heap before GC invocations=10 (full 1):
 PSYoungGen      total 233984K, used 85842K [0x00000000d6e00000, 0x00000000e5e80000, 0x0000000100000000)
  eden space 224768K, 34% used [0x00000000d6e00000,0x00000000db8da4a0,0x00000000e4980000)
  from space 9216K, 99% used [0x00000000e5580000,0x00000000e5e7a648,0x00000000e5e80000)
  to   space 10752K, 0% used [0x00000000e4980000,0x00000000e4980000,0x00000000e5400000)
 ParOldGen       total 45568K, used 8383K [0x0000000084a00000, 0x0000000087680000, 0x00000000d6e00000)
  object space 45568K, 18% used [0x0000000084a00000,0x000000008522fd98,0x0000000087680000)
 Metaspace       used 34218K, capacity 35320K, committed 35496K, reserved 1079296K
  class space    used 4413K, capacity 4662K, committed 4776K, reserved 1048576K
Event: 12.223 GC heap after
Heap after GC invocations=10 (full 1):
 PSYoungGen      total 235520K, used 10509K [0x00000000d6e00000, 0x00000000ec880000, 0x0000000100000000)
  eden space 224768K, 0% used [0x00000000d6e00000,0x00000000d6e00000,0x00000000e4980000)
  from space 10752K, 97% used [0x00000000e4980000,0x00000000e53c37a8,0x00000000e5400000)
  to   space 12288K, 0% used [0x00000000ebc80000,0x00000000ebc80000,0x00000000ec880000)
 ParOldGen       total 45568K, used 8391K [0x0000000084a00000, 0x0000000087680000, 0x00000000d6e00000)
  object space 45568K, 18% used [0x0000000084a00000,0x0000000085231d98,0x0000000087680000)
 Metaspace       used 34218K, capacity 35320K, committed 35496K, reserved 1079296K
  class space    used 4413K, capacity 4662K, committed 4776K, reserved 1048576K
}
Event: 12.223 GC heap before
{Heap before GC invocations=11 (full 2):
 PSYoungGen      total 235520K, used 10509K [0x00000000d6e00000, 0x00000000ec880000, 0x0000000100000000)
  eden space 224768K, 0% used [0x00000000d6e00000,0x00000000d6e00000,0x00000000e4980000)
  from space 10752K, 97% used [0x00000000e4980000,0x00000000e53c37a8,0x00000000e5400000)
  to   space 12288K, 0% used [0x00000000ebc80000,0x00000000ebc80000,0x00000000ec880000)
 ParOldGen       total 45568K, used 8391K [0x0000000084a00000, 0x0000000087680000, 0x00000000d6e00000)
  object space 45568K, 18% used [0x0000000084a00000,0x0000000085231d98,0x0000000087680000)
 Metaspace       used 34218K, capacity 35320K, committed 35496K, reserved 1079296K
  class space    used 4413K, capacity 4662K, committed 4776K, reserved 1048576K
Event: 12.291 GC heap after
Heap after GC invocations=11 (full 2):
 PSYoungGen      total 235520K, used 0K [0x00000000d6e00000, 0x00000000ec880000, 0x0000000100000000)
  eden space 224768K, 0% used [0x00000000d6e00000,0x00000000d6e00000,0x00000000e4980000)
  from space 10752K, 0% used [0x00000000e4980000,0x00000000e4980000,0x00000000e5400000)
  to   space 12288K, 0% used [0x00000000ebc80000,0x00000000ebc80000,0x00000000ec880000)
 ParOldGen       total 45568K, used 15010K [0x0000000084a00000, 0x0000000087680000, 0x00000000d6e00000)
  object space 45568K, 32% used [0x0000000084a00000,0x00000000858a8908,0x0000000087680000)
 Metaspace       used 34218K, capacity 35320K, committed 35496K, reserved 1079296K
  class space    used 4413K, capacity 4662K, committed 4776K, reserved 1048576K
}

